Build started 22/06/2020 15:25:11.
     1>Project "C:\Users\alec\Documents\CSGO_Map_Model\demoinfogo\protobuf-2.5.0\protobuf-2.5.0\vsprojects\lite-test.vcxproj" on node 4 (build target(s)).
     1>InitializeBuildStatus:
         Creating "Debug\lite-test.unsuccessfulbuild" because "AlwaysCreate" was specified.
       ComputeCustomBuildOutput:
         Creating directory "C:\Users\alec\Documents\CSGO_Map_Model\demoinfogo\protobuf-2.5.0\protobuf-2.5.0\vsprojects\google\protobuf\".
       CustomBuild:
         Generating unittest_lite.pb.{h,cc}...
         'Debug\protoc' is not recognized as an internal or external command,
         operable program or batch file.
         Generating unittest_import_lite.pb.{h,cc}...
         'Debug\protoc' is not recognized as an internal or external command,
         operable program or batch file.
         Generating unittest_import_public_lite.pb.{h,cc}...
         'Debug\protoc' is not recognized as an internal or external command,
         operable program or batch file.
     1>C:\Program Files (x86)\MSBuild\Microsoft.Cpp\v4.0\Microsoft.CppCommon.targets(151,5): error MSB6006: "cmd.exe" exited with code 9009.
     1>Done Building Project "C:\Users\alec\Documents\CSGO_Map_Model\demoinfogo\protobuf-2.5.0\protobuf-2.5.0\vsprojects\lite-test.vcxproj" (build target(s)) -- FAILED.

Build FAILED.

Time Elapsed 00:00:00.14
